<?xml version="1.0" encoding="UTF-8"?>
<!-- Generated by org.testng.reporters.JUnitReportReporter -->
<testsuite hostname="NIKHIL" failures="0" tests="2" name="Flipkart.Login.LoginFunctionTest" time="3.783" errors="0" timestamp="2021-12-02T15:31:20 IST" skipped="0">
  <testcase classname="Flipkart.Login.LoginFunctionTest" name="logout" time="0.001"/>
  <system-out/>
  <testcase classname="Flipkart.Login.LoginFunctionTest" name="f" time="3.782"/>
  <system-out/>
</testsuite> <!-- Flipkart.Login.LoginFunctionTest -->
